C51 COMPILER V9.01   MAIN                                                                  04/07/2020 09:08:14 PAGE 1   


C51 COMPILER V9.01, COMPILATION OF MODULE MAIN
OBJECT MODULE PLACED IN main.OBJ
COMPILER INVOKED BY: C:\Keil\C51\BIN\C51.EXE main.c BROWSE DEBUG OBJECTEXTEND TABS(2)

line level    source

   1          #include "main.h"
   2          
   3          
   4          
   5          void main()
   6          {
   7   1        T2CON = 0x08;
   8   1        T2MOD = 0x00;
   9   1        
  10   1        RCAP2H = 0x3c;
  11   1        RCAP2L = 0xb0;
  12   1        
  13   1        P2 = 0x00;
  14   1      
  15   1        ET2 = 1;    //cho phep ngat Timer2
  16   1        EA = 1;    // cho phep ngat toan cuc
  17   1      
  18   1      
  19   1        while(1)
  20   1        {
  21   2        
  22   2        }
  23   1      }
  24          
  25          void Timer2_Overflow(void) interrupt 5
  26          {
  27   1        if(EXF2)
  28   1        {
  29   2          TR2 = 1;
  30   2          EXF2 = 0;
  31   2        }
  32   1        else
  33   1        {
  34   2          TR2 = 0;
  35   2          P2++;
  36   2          TF2 = 0;
  37   2        }
  38   1      }


MODULE INFORMATION:   STATIC OVERLAYABLE
   CODE SIZE        =     35    ----
   CONSTANT SIZE    =   ----    ----
   XDATA SIZE       =   ----    ----
   PDATA SIZE       =   ----    ----
   DATA SIZE        =   ----    ----
   IDATA SIZE       =   ----    ----
   BIT SIZE         =   ----    ----
END OF MODULE INFORMATION.


C51 COMPILATION COMPLETE.  0 WARNING(S),  0 ERROR(S)
