C51 COMPILER V9.01   MAIN                                                                  03/28/2020 14:41:01 PAGE 1   


C51 COMPILER V9.01, COMPILATION OF MODULE MAIN
OBJECT MODULE PLACED IN main.OBJ
COMPILER INVOKED BY: C:\Keil\C51\BIN\C51.EXE main.c OMF2 BROWSE DEBUG TABS(2)

line level    source

   1          #include "main.h"
   2          #include "../my_lib/Delay.h"
   3          #include "../my_lib/UartMode1.h"
   4          #include <stdio.h>
   5          
   6          
   7          void main()
   8          {
   9   1          char c;
  10   1          float pi = 3.14159265359f;
  11   1          Uart_Init();
  12   1        //  putchar('A');   //gui 1 ky tu ra cong UART = Uart_Write();
  13   1          printf("Song Doan\n");       //Uart_Write_Text();
  14   1          printf("PI = %.3f \n",pi);
  15   1          while(1)
  16   1          {
  17   2             Uart_Write_Text("Nhap vao ky tu: ");
  18   2             c = _getkey();          //Doi 1 ky tu truyen toi cong UART = Ready()
  19   2             putchar(c-32);         // viet hoa ki tu nhan duoc
  20   2             putchar('\n');
  21   2          }
  22   1      }


MODULE INFORMATION:   STATIC OVERLAYABLE
   CODE SIZE        =     74    ----
   CONSTANT SIZE    =     40    ----
   XDATA SIZE       =   ----    ----
   PDATA SIZE       =   ----    ----
   DATA SIZE        =   ----       5
   IDATA SIZE       =   ----    ----
   BIT SIZE         =   ----    ----
   EDATA SIZE       =   ----    ----
   HDATA SIZE       =   ----    ----
   XDATA CONST SIZE =   ----    ----
   FAR CONST SIZE   =   ----    ----
END OF MODULE INFORMATION.


C51 COMPILATION COMPLETE.  0 WARNING(S),  0 ERROR(S)
