C51 COMPILER V9.01   MAIN                                                                  03/29/2020 16:23:58 PAGE 1   


C51 COMPILER V9.01, COMPILATION OF MODULE MAIN
OBJECT MODULE PLACED IN main.OBJ
COMPILER INVOKED BY: C:\Keil\C51\BIN\C51.EXE main.c OMF2 BROWSE DEBUG TABS(2)

line level    source

   1          #include "main.h"
   2          #include <stdio.h>
   3          #include "../my_lib/Delay.h"
   4          #include "../my_lib/UartMode1.h"
   5          
   6          
   7          void main()
   8          {
   9   1          //char c;
  10   1          Uart_Init();
  11   1          while(1)
  12   1          {
  13   2              if(P1_0==0) {
  14   3                Delay_ms(20);
  15   3                printf("0");
  16   3                while(P1_0==0);
  17   3              }
  18   2              if(P1_1==0) {
  19   3                Delay_ms(20);
  20   3                printf("1");
  21   3                while(P1_1==0);
  22   3              }
  23   2              if(P1_2==0) {
  24   3                Delay_ms(20);
  25   3                printf("2");
  26   3                while(P1_2==0);
  27   3              }
  28   2              if(P1_3==0) {
  29   3                Delay_ms(20);
  30   3                puchar("3");
*** WARNING C206 IN LINE 30 OF MAIN.C: 'puchar': missing function-prototype
*** ERROR C267 IN LINE 30 OF MAIN.C: 'puchar': requires ANSI-style prototype
  31   3                while(P1_3==0);
  32   3              }
  33   2          }
  34   1      }

C51 COMPILATION COMPLETE.  1 WARNING(S),  1 ERROR(S)
