C51 COMPILER V9.01   MAIN                                                                  03/26/2020 21:07:12 PAGE 1   


C51 COMPILER V9.01, COMPILATION OF MODULE MAIN
OBJECT MODULE PLACED IN main.OBJ
COMPILER INVOKED BY: C:\Keil\C51\BIN\C51.EXE main.c BROWSE DEBUG OBJECTEXTEND TABS(2)

line level    source

   1          #include "main.h"
   2          #include "../my_lib/Delay.h"
   3          #include"..\my_lib\Soft_I2c.h"
   4          #include"..\my_lib\Lcd4.h"
   5          #include"..\my_lib\Rtc_Ds1307.h"
   6          #include"..\my_lib\LunarCalendar.h"
   7          #include"port.h"
   8          
   9          
  10          unsigned char * code Days[] = {"CN","T2","T3","T4","T5","T6","T7"};
  11          
  12          void main()
  13          {
  14   1        unsigned char Hour, Minute, Second, Mode=12, Day, Date, Month, Year, old_second;
  15   1        unsigned char SolarDate, SolarMonth;
  16   1        char SolarYear;
  17   1      
  18   1        Soft_I2c_Init();
  19   1        Ds1307_Init();
  20   1        Lcd_Init();
  21   1      
  22   1        while(1)
  23   1        {
  24   2          Ds1307_Read_Time(&Hour, &Minute, &Second, &Mode);
  25   2          if(old_second != Second)
  26   2          { 
  27   3            old_second = Second;
  28   3      
  29   3            Lcd_Chr(1,5,Hour/10+0x30);
  30   3            Lcd_Chr_Cp(Hour%10+0x30);
  31   3            Lcd_Chr_Cp(':');
  32   3            Lcd_Chr_Cp(Minute/10+0x30);
  33   3            Lcd_Chr_Cp(Minute%10+0x30);
  34   3            Lcd_Chr_Cp(':');
  35   3            Lcd_Chr_Cp(Second/10+0x30);
  36   3            Lcd_Chr_Cp(Second%10+0x30);
  37   3            
  38   3      
  39   3            Ds1307_Read_Date(&Day, &Date, &Month, &Year);
  40   3            if(BTN == 1)
  41   3            {
  42   4              Lcd_Out(2,1,"                ");
  43   4              Lcd_Out(2,2,Days[Day-1]);
  44   4              Lcd_Chr_Cp(' ');
  45   4              Lcd_Chr_Cp(Date/10+0x30);
  46   4              Lcd_Chr_Cp(Date%10+0x30);
  47   4              Lcd_Chr_Cp('/');
  48   4              Lcd_Chr_Cp(Month/10+0x30);
  49   4              Lcd_Chr_Cp(Month%10+0x30);
  50   4              Lcd_Out_Cp("/20");
  51   4              Lcd_Chr_Cp(Year/10+0x30);
  52   4              Lcd_Chr_Cp(Year%10+0x30);
  53   4            }
  54   3            else
  55   3            {
C51 COMPILER V9.01   MAIN                                                                  03/26/2020 21:07:12 PAGE 2   

  56   4              Solar2Lunar(Date, Month, Year, &SolarDate, &SolarMonth, & SolarYear);
  57   4              Lcd_Out(2,1,"AL:");
  58   4              Lcd_Chr_Cp(SolarDate/10+0x30);
  59   4              Lcd_Chr_Cp(SolarDate%10+0x30);
  60   4              Lcd_Chr_Cp('/');
  61   4              Lcd_Chr_Cp(SolarMonth/10+0x30);
  62   4              Lcd_Chr_Cp(SolarMonth%10+0x30);
  63   4              Lcd_Chr_Cp('/');
  64   4              Lcd_Chr_Cp((Year+2000)/1000+0x30);
  65   4              Lcd_Chr_Cp((Year+2000)/100%10+0x30);
  66   4              Lcd_Chr_Cp((Year+2000)/10%10+0x30);
  67   4              Lcd_Chr_Cp((Year+2000)%10+0x30);
  68   4            }
  69   3          }
  70   2        }
  71   1      }


MODULE INFORMATION:   STATIC OVERLAYABLE
   CODE SIZE        =    557    ----
   CONSTANT SIZE    =     67    ----
   XDATA SIZE       =   ----    ----
   PDATA SIZE       =   ----    ----
   DATA SIZE        =   ----      12
   IDATA SIZE       =   ----    ----
   BIT SIZE         =   ----    ----
END OF MODULE INFORMATION.


C51 COMPILATION COMPLETE.  0 WARNING(S),  0 ERROR(S)
