C51 COMPILER V9.01   IE74595                                                               03/19/2020 16:21:36 PAGE 1   


C51 COMPILER V9.01, COMPILATION OF MODULE IE74595
OBJECT MODULE PLACED IN .\IE74595.obj
COMPILER INVOKED BY: C:\Keil\C51\BIN\C51.EXE ..\my_lib\IE74595.c BROWSE DEBUG OBJECTEXTEND PRINT(.\IE74595.lst) TABS(2) 
                    -OBJECT(.\IE74595.obj)

line level    source

   1          #include "main.h"
   2          #include "IE74595.h"
   3          #include "port.h"
   4          
   5          
   6          
   7          void IE74595_Our(unsigned char *p,unsigned char n)
   8          {
   9   1      unsigned char i,j,b;
  10   1      for (i=0;i<n;i++)
  11   1      {
  12   2      b = *(p+n-i-1);
  13   2      for (j=0; j<8 ; j++)
  14   2      {
  15   3      IE74595_DS = b & (0x80>>j);
  16   3      IE74595_SHCP=0;
  17   3      IE74595_SHCP=1;
  18   3      }
  19   2      }
  20   1      IE74595_STCP=0;
  21   1      IE74595_STCP=1;
  22   1      }


MODULE INFORMATION:   STATIC OVERLAYABLE
   CODE SIZE        =     94    ----
   CONSTANT SIZE    =   ----    ----
   XDATA SIZE       =   ----    ----
   PDATA SIZE       =   ----    ----
   DATA SIZE        =   ----       5
   IDATA SIZE       =   ----    ----
   BIT SIZE         =   ----    ----
END OF MODULE INFORMATION.


C51 COMPILATION COMPLETE.  0 WARNING(S),  0 ERROR(S)
