C51 COMPILER V9.01   MAIN                                                                  03/19/2020 16:21:36 PAGE 1   


C51 COMPILER V9.01, COMPILATION OF MODULE MAIN
OBJECT MODULE PLACED IN main.OBJ
COMPILER INVOKED BY: C:\Keil\C51\BIN\C51.EXE main.c BROWSE DEBUG OBJECTEXTEND TABS(2)

line level    source

   1          #include "main.h"
   2          #include "..\my_lib\delay.h"
   3          #include "..\my_lib\IE74595.h"
   4          
   5          
   6          
   7          //sbit SHCP = P2^0;
   8          //sbit DS = P2^1;
   9          //sbit STCP = P2^2;
  10          //
  11          //
  12          //
  13          //
  14          //void IE74595_Our(unsigned char *p,unsigned char n)
  15          //{
  16          //  unsigned char i,j,b;
  17          //  for (i=0;i<n;i++)
  18          //  {
  19          //    b = *(p+n-i-1);
  20          //    for (j=0; j<8 ; j++)
  21          //    {
  22          //      DS = b & (0x80>>j);
  23          //      SHCP=0;
  24          //      SHCP=1;
  25          //    }
  26          //  }
  27          //  STCP=0;
  28          //  STCP=1;
  29          //}
  30          
  31          void main()
  32          {
  33   1        // nhap nhay 24 led voi 3 con IE74595_Our
  34   1        unsigned char arr[3];
  35   1        unsigned char i;
  36   1        while (1)
  37   1        {
  38   2          for (i=0;i<3 ;i++)
  39   2          {
  40   3            arr[i] = 0x00;
  41   3          }
  42   2          IE74595_Our(arr,3);
  43   2          delay_ms(1000);
  44   2      
  45   2          for (i=0;i<3 ;i++)
  46   2          {
  47   3            arr[i] = 0xff;
  48   3          }
  49   2          IE74595_Our(arr,3);
  50   2          delay_ms(1000);
  51   2        }
  52   1      }


MODULE INFORMATION:   STATIC OVERLAYABLE
C51 COMPILER V9.01   MAIN                                                                  03/19/2020 16:21:36 PAGE 2   

   CODE SIZE        =     59    ----
   CONSTANT SIZE    =   ----    ----
   XDATA SIZE       =   ----    ----
   PDATA SIZE       =   ----    ----
   DATA SIZE        =   ----       3
   IDATA SIZE       =   ----    ----
   BIT SIZE         =   ----    ----
END OF MODULE INFORMATION.


C51 COMPILATION COMPLETE.  0 WARNING(S),  0 ERROR(S)
