C51 COMPILER V9.01   MAIN                                                                  03/30/2020 10:16:29 PAGE 1   


C51 COMPILER V9.01, COMPILATION OF MODULE MAIN
OBJECT MODULE PLACED IN main.OBJ
COMPILER INVOKED BY: C:\Keil\C51\BIN\C51.EXE main.c OMF2 BROWSE DEBUG TABS(2)

line level    source

   1          #include "main.h"
   2          #include "../my_lib/Delay.h"
   3          
   4          unsigned char code Code7Seg[] = {0xC0, 0xF9, 0xA4, 0xB0, 0x99, 0x92, 0x82, 0xF8, 0x80, 0x90};
   5          
   6          void Display(unsigned int n)
   7          {
   8   1        unsigned int dv,chuc,tram,ngan,chucNgan;
   9   1      
  10   1        chucNgan = n /10000;
  11   1        n %= 10000;
  12   1        ngan = n/1000;
  13   1        n %= 1000;
  14   1        tram = n/100;
  15   1        n %= 100;
  16   1        chuc = n/10;
  17   1        dv = n%10;
  18   1      
  19   1        P0 = Code7Seg[chucNgan];
  20   1        P2_4 = 0;
  21   1        Delay_ms(1);
  22   1        P2_4 = 1;
  23   1      
  24   1        P0 = Code7Seg[ngan];
  25   1        P2_3 = 0;
  26   1        Delay_ms(1);
  27   1        P2_3 = 1;
  28   1      
  29   1        P0 = Code7Seg[tram];
  30   1        P2_2 = 0;
  31   1        Delay_ms(1);
  32   1        P2_2 = 1;
  33   1      
  34   1        P0 = Code7Seg[chuc];
  35   1        P2_1 = 0;
  36   1        Delay_ms(1);
  37   1        P2_1 = 1;
  38   1      
  39   1        P0 = Code7Seg[dv];
  40   1        P2_0 = 0;
  41   1        Delay_ms(1);
  42   1        P2_0 = 1;
  43   1      }
  44          void main()
  45          {
  46   1          unsigned char low,high;
  47   1          unsigned int number;
  48   1      
  49   1          TMOD &= 0xf0;
  50   1          TMOD |= 0x05;
  51   1          TR0 = 1;
  52   1          
  53   1          while(1)
  54   1          {
  55   2            do
C51 COMPILER V9.01   MAIN                                                                  03/30/2020 10:16:29 PAGE 2   

  56   2            {
  57   3              high = TH0;
  58   3              low = TL0;
  59   3            }while(high != TH0);
  60   2            number = high;
  61   2            number <<= 8;
  62   2            number |= low;
  63   2          
  64   2            Display(number);  
  65   2          }
  66   1      }


MODULE INFORMATION:   STATIC OVERLAYABLE
   CODE SIZE        =    261    ----
   CONSTANT SIZE    =     10    ----
   XDATA SIZE       =   ----    ----
   PDATA SIZE       =   ----    ----
   DATA SIZE        =   ----      12
   IDATA SIZE       =   ----    ----
   BIT SIZE         =   ----    ----
   EDATA SIZE       =   ----    ----
   HDATA SIZE       =   ----    ----
   XDATA CONST SIZE =   ----    ----
   FAR CONST SIZE   =   ----    ----
END OF MODULE INFORMATION.


C51 COMPILATION COMPLETE.  0 WARNING(S),  0 ERROR(S)
