C51 COMPILER V9.01   MAIN                                                                  03/30/2020 09:48:37 PAGE 1   


C51 COMPILER V9.01, COMPILATION OF MODULE MAIN
OBJECT MODULE PLACED IN main.OBJ
COMPILER INVOKED BY: C:\Keil\C51\BIN\C51.EXE main.c OMF2 BROWSE DEBUG TABS(2)

line level    source

   1          #include "main.h"
   2          #include "../my_lib/Delay.h"
   3          
   4          
   5          void Delay_ms_Timer0(unsigned int t)
   6          {
   7   1        do
   8   1        {
   9   2          TL0 = 0x18;
  10   2          TH0 = 0xfc;
  11   2          TR0 = 1;        // Timer bat dau dem
  12   2          while(TF0 == 0);
  13   2          TR0 = 0;  //Timer ngung dem
  14   2          TF0 = 0;
  15   2      
  16   2          t--;
  17   2        }while(t>0);
  18   1      
  19   1      }
  20          void main()
  21          {
  22   1          
  23   1          // chon mode cho T0
  24   1          TMOD &= 0xf0;         // xoa cac bit dieu khien thanh ghi TMOD cua T0
  25   1          TMOD |= 0x01;
  26   1          while(1)
  27   1          {
  28   2            P2_0 = !P2_0;
  29   2            Delay_ms_Timer0(1000); 
  30   2          }
  31   1      }


MODULE INFORMATION:   STATIC OVERLAYABLE
   CODE SIZE        =     47    ----
   CONSTANT SIZE    =   ----    ----
   XDATA SIZE       =   ----    ----
   PDATA SIZE       =   ----    ----
   DATA SIZE        =   ----    ----
   IDATA SIZE       =   ----    ----
   BIT SIZE         =   ----    ----
   EDATA SIZE       =   ----    ----
   HDATA SIZE       =   ----    ----
   XDATA CONST SIZE =   ----    ----
   FAR CONST SIZE   =   ----    ----
END OF MODULE INFORMATION.


C51 COMPILATION COMPLETE.  0 WARNING(S),  0 ERROR(S)
