C51 COMPILER V9.01   MAIN                                                                  04/02/2020 20:40:43 PAGE 1   


C51 COMPILER V9.01, COMPILATION OF MODULE MAIN
OBJECT MODULE PLACED IN main.OBJ
COMPILER INVOKED BY: C:\Keil\C51\BIN\C51.EXE main.c BROWSE DEBUG OBJECTEXTEND TABS(2)

line level    source

   1          #include "main.h"
   2          
   3          // tao ra xung co chu ki 1s => nua cki = 500ms
   4          
   5          unsigned char cnt = 10;
   6          
   7          void main()
   8          {
   9   1          TMOD &= 0xf0;
  10   1          TMOD |= 0x01;
  11   1          TH0 = 0x3c;
  12   1          TL0 = 0xb0;    // dem 50ms
  13   1      
  14   1          ET0 = 1; //cho phep ngat timer0
  15   1          EA = 1;
  16   1          TR0 = 1;
  17   1      
  18   1          while(1)
  19   1          {
  20   2            PCON |= 0x01; //che do ngu   
  21   2          }
  22   1      }
  23          
  24          void Timer0Overflow (void) interrupt 1
  25          {
  26   1        //Nap lai TH0 va TL0
  27   1        // dem 50ms
  28   1        // muon dem 500ms thi cho lap 10 lan
  29   1        TH0 = 0x3c;
  30   1        TL0 = 0xb0;
  31   1      
  32   1        cnt--;
  33   1      
  34   1        if(cnt==0)
  35   1        {
  36   2          cnt = 10;
  37   2          // Code
  38   2          P2_0 = ~P2_0  ;
  39   2        }
  40   1      
  41   1      }


MODULE INFORMATION:   STATIC OVERLAYABLE
   CODE SIZE        =     38    ----
   CONSTANT SIZE    =   ----    ----
   XDATA SIZE       =   ----    ----
   PDATA SIZE       =   ----    ----
   DATA SIZE        =      1    ----
   IDATA SIZE       =   ----    ----
   BIT SIZE         =   ----    ----
END OF MODULE INFORMATION.


C51 COMPILATION COMPLETE.  0 WARNING(S),  0 ERROR(S)
