C51 COMPILER V9.01   MAIN                                                                  03/18/2020 11:10:30 PAGE 1   


C51 COMPILER V9.01, COMPILATION OF MODULE MAIN
OBJECT MODULE PLACED IN main.OBJ
COMPILER INVOKED BY: C:\Keil\C51\BIN\C51.EXE main.c BROWSE DEBUG OBJECTEXTEND

line level    source

   1          #include "main.h"
   2          #include "../my_lib/delay.h"
   3          
   4          sbit START = P1^0;
   5          sbit STOP = P1^1;
   6          #define LED P2
   7          
   8          unsigned char delay1sVaQuetPhim(){
   9   1              unsigned char i;
  10   1              for(i=0;i<100;i++)
  11   1              {
  12   2                      delay_ms(10);
  13   2                      if(STOP==0)      {
  14   3                              LED = 0;
  15   3                              return 1;
  16   3                      }
  17   2              }
  18   1              return 0;
  19   1      }
  20          
  21          void main()
  22          {
  23   1              P2 = 0;
  24   1              while(1)
  25   1              {
  26   2                      if(START==0){
  27   3                              while(1){
  28   4                                      LED = ~ LED;
  29   4                                      if(delay1sVaQuetPhim()){
  30   5                                              break;
  31   5                                      }
  32   4                              }
  33   3                      } 
  34   2              }
  35   1      }


MODULE INFORMATION:   STATIC OVERLAYABLE
   CODE SIZE        =     48    ----
   CONSTANT SIZE    =   ----    ----
   XDATA SIZE       =   ----    ----
   PDATA SIZE       =   ----    ----
   DATA SIZE        =   ----       1
   IDATA SIZE       =   ----    ----
   BIT SIZE         =   ----    ----
END OF MODULE INFORMATION.


C51 COMPILATION COMPLETE.  0 WARNING(S),  0 ERROR(S)
