C51 COMPILER V9.01   MAIN                                                                  03/29/2020 09:43:35 PAGE 1   


C51 COMPILER V9.01, COMPILATION OF MODULE MAIN
OBJECT MODULE PLACED IN main.OBJ
COMPILER INVOKED BY: C:\Keil\C51\BIN\C51.EXE main.c OMF2 BROWSE DEBUG TABS(2)

line level    source

   1          #include "main.h"
   2          
   3          #include "../my_lib/Delay.h"
   4          #include "../my_lib/UartMode1.h"
   5          #include <stdio.h>
   6          
   7          
   8          void main()
   9          {
  10   1      
  11   1          char c,i;
  12   1          P1_0 = 0;
  13   1          Uart_Init();
  14   1          //printf("Doan Quang Song Pro");
  15   1          //printf("Doan Quang Song Pro");
  16   1          while(1)
  17   1          {
  18   2          Delay_ms(20);
  19   2      //       c = _getkey();
  20   2      //       if(c == '0') P1_0 = 0;
  21   2      //       if(c == '1') P1_0 = 1;
  22   2      for(i =0;i<100;i++)
  23   2      {     
  24   3        Uart_Write_Text("Doan_Quang_Song");
  25   3        Delay_ms(1000);
  26   3      }
  27   2          
  28   2          }
  29   1      }
*** WARNING C280 IN LINE 11 OF MAIN.C: 'c': unreferenced local variable


MODULE INFORMATION:   STATIC OVERLAYABLE
   CODE SIZE        =     44    ----
   CONSTANT SIZE    =     16    ----
   XDATA SIZE       =   ----    ----
   PDATA SIZE       =   ----    ----
   DATA SIZE        =   ----       2
   IDATA SIZE       =   ----    ----
   BIT SIZE         =   ----    ----
   EDATA SIZE       =   ----    ----
   HDATA SIZE       =   ----    ----
   XDATA CONST SIZE =   ----    ----
   FAR CONST SIZE   =   ----    ----
END OF MODULE INFORMATION.


C51 COMPILATION COMPLETE.  1 WARNING(S),  0 ERROR(S)
