C51 COMPILER V9.01   MAIN                                                                  04/07/2020 09:19:10 PAGE 1   


C51 COMPILER V9.01, COMPILATION OF MODULE MAIN
OBJECT MODULE PLACED IN main.OBJ
COMPILER INVOKED BY: C:\Keil\C51\BIN\C51.EXE main.c BROWSE DEBUG OBJECTEXTEND TABS(2)

line level    source

   1          #include "main.h"
   2          
   3          
   4          void main()
   5          {
   6   1        T2CON = 0x00;
   7   1        T2MOD = 0x02;
   8   1        
   9   1        //Tao xung clock f=1Hz
  10   1        RCAP2H = 0xf4;
  11   1        RCAP2L = 0x48;
  12   1        
  13   1        TR2 =1;
  14   1        while(1)
  15   1        {
  16   2        
  17   2        }
  18   1      }


MODULE INFORMATION:   STATIC OVERLAYABLE
   CODE SIZE        =     16    ----
   CONSTANT SIZE    =   ----    ----
   XDATA SIZE       =   ----    ----
   PDATA SIZE       =   ----    ----
   DATA SIZE        =   ----    ----
   IDATA SIZE       =   ----    ----
   BIT SIZE         =   ----    ----
END OF MODULE INFORMATION.


C51 COMPILATION COMPLETE.  0 WARNING(S),  0 ERROR(S)
