C51 COMPILER V9.01   MAIN                                                                  03/27/2020 22:07:46 PAGE 1   


C51 COMPILER V9.01, COMPILATION OF MODULE MAIN
OBJECT MODULE PLACED IN main.OBJ
COMPILER INVOKED BY: C:\Keil\C51\BIN\C51.EXE main.c BROWSE DEBUG OBJECTEXTEND TABS(2)

line level    source

   1          #include "main.h"
   2          #include "port.h"
   3          #include "../my_lib/Delay.h"
   4          
   5          
   6          void main()
   7          {
   8   1          //unsigned char i;
   9   1          unsigned char b;
  10   1          P1_0 = 0;
  11   1          SM0 = SM1 = 0;  //Hoat dong o mode 0
  12   1          REN = 1;        // Cho phep nhan dl
  13   1          
  14   1          
  15   1          while(1)
  16   1          {
  17   2            P3_2 = 0;     
  18   2            P3_2 = 1;     // Tao xung cho dl ngo vao 74165
  19   2            RI = 0;
  20   2            while(RI == 0);  //Cho' RI = 1;
  21   2            
  22   2            b = SBUF;   //    Xuat dl
  23   2      
  24   2            if((b & 0x01)==0) P1_0 = 1;
  25   2            if((b & 0x02)==0) P1_0 = 0;
  26   2          
  27   2          }
  28   1      }


MODULE INFORMATION:   STATIC OVERLAYABLE
   CODE SIZE        =     33    ----
   CONSTANT SIZE    =   ----    ----
   XDATA SIZE       =   ----    ----
   PDATA SIZE       =   ----    ----
   DATA SIZE        =   ----    ----
   IDATA SIZE       =   ----    ----
   BIT SIZE         =   ----    ----
END OF MODULE INFORMATION.


C51 COMPILATION COMPLETE.  0 WARNING(S),  0 ERROR(S)
