C51 COMPILER V9.01   MAIN                                                                  03/21/2020 11:18:49 PAGE 1   


C51 COMPILER V9.01, COMPILATION OF MODULE MAIN
OBJECT MODULE PLACED IN main.OBJ
COMPILER INVOKED BY: C:\Keil\C51\BIN\C51.EXE main.c BROWSE DEBUG OBJECTEXTEND TABS(2)

line level    source

   1          #include "main.h"
   2          #include "../my_lib/delay.h"
   3          
   4          sbit LCD_RS = P2^0;
   5          sbit LCD_EN = P2^1;
   6          
   7          #define LCD_DATA P3
   8          
   9          void Lcd_Cmd(unsigned char cmd)
  10          {
  11   1        LCD_RS = 0; 
  12   1        LCD_DATA = cmd;
  13   1        LCD_EN = 0;
  14   1        LCD_EN = 1;
  15   1        if (cmd<=0x02)
  16   1        {
  17   2          delay_ms(2);
  18   2        }else{
  19   2          delay_ms(1);
  20   2        }
  21   1      }
  22          
  23          void Lcd_Chr_Cp(unsigned char c)
  24          {
  25   1        LCD_RS = 1;
  26   1        LCD_DATA = c;
  27   1        LCD_EN = 0;
  28   1        LCD_EN = 1;
  29   1        delay_ms(1);
  30   1      }
  31          
  32          void Lcd_Clr(){
  33   1        Lcd_Cmd(0x01);
  34   1      }
  35          
  36          void Lcd_Out_Cp(char *text)
  37          {
  38   1        unsigned char i=0 ;
  39   1        LCD_RS = 1;
  40   1        while(text[i]!=0){
  41   2          Lcd_Chr_Cp(text[i]);
  42   2          i++;
  43   2        }
  44   1      }
  45          
  46                  
  47          void main()
  48          {
  49   1      
  50   1        unsigned char i;
  51   1        Lcd_Cmd(0x0c);
  52   1        Lcd_Chr_Cp('A');
  53   1        delay_ms(1000);
  54   1        Lcd_Clr();
  55   1        Lcd_Out_Cp("Hello Wold");
C51 COMPILER V9.01   MAIN                                                                  03/21/2020 11:18:49 PAGE 2   

  56   1      
  57   1        
  58   1        
  59   1        while(1)
  60   1        {
  61   2      
  62   2        }
  63   1      }
*** WARNING C280 IN LINE 50 OF MAIN.C: 'i': unreferenced local variable


MODULE INFORMATION:   STATIC OVERLAYABLE
   CODE SIZE        =    114    ----
   CONSTANT SIZE    =     11    ----
   XDATA SIZE       =   ----    ----
   PDATA SIZE       =   ----    ----
   DATA SIZE        =   ----       5
   IDATA SIZE       =   ----    ----
   BIT SIZE         =   ----    ----
END OF MODULE INFORMATION.


C51 COMPILATION COMPLETE.  1 WARNING(S),  0 ERROR(S)
