C51 COMPILER V9.01   MAIN                                                                  03/19/2020 20:30:28 PAGE 1   


C51 COMPILER V9.01, COMPILATION OF MODULE MAIN
OBJECT MODULE PLACED IN main.OBJ
COMPILER INVOKED BY: C:\Keil\C51\BIN\C51.EXE main.c BROWSE DEBUG OBJECTEXTEND TABS(2)

line level    source

   1          #include "main.h"
   2          #include "../my_lib/delay.h"
   3          
   4          unsigned char code Code7Seg[] = {0xC0, 0xF9, 0xA4, 0xB0, 0x99, 0x92, 0x82, 0xF8, 0x80, 0x90};
   5          sbit LED1 = P3^0;
   6          sbit LED2 = P3^1;
   7          
   8          void main()
   9          {
  10   1          unsigned char i;
  11   1          LED1 = LED2 = 0;
  12   1          while(1)
  13   1          {
  14   2                 for(i=0;i<=99;i++)
  15   2               {
  16   3                P2 = Code7Seg[i/10];
  17   3                LED1 = 1;
  18   3                LED1 = 0;
  19   3      
  20   3                P2 = Code7Seg[i%10];
  21   3                LED2 = 1;
  22   3                LED2 = 0;
  23   3                delay_ms(100);
  24   3               }
  25   2               
  26   2          }
  27   1      }


MODULE INFORMATION:   STATIC OVERLAYABLE
   CODE SIZE        =     56    ----
   CONSTANT SIZE    =     10    ----
   XDATA SIZE       =   ----    ----
   PDATA SIZE       =   ----    ----
   DATA SIZE        =   ----       1
   IDATA SIZE       =   ----    ----
   BIT SIZE         =   ----    ----
END OF MODULE INFORMATION.


C51 COMPILATION COMPLETE.  0 WARNING(S),  0 ERROR(S)
