C51 COMPILER V9.01   MAIN                                                                  03/27/2020 09:07:41 PAGE 1   


C51 COMPILER V9.01, COMPILATION OF MODULE MAIN
OBJECT MODULE PLACED IN main.OBJ
COMPILER INVOKED BY: C:\Keil\C51\BIN\C51.EXE main.c BROWSE DEBUG OBJECTEXTEND TABS(2)

line level    source

   1          #include "main.h"
   2          #include "../my_lib/Delay.h"
   3          
   4          void UART_Mode0_Write(unsigned char b){
   5   1      
   6   1        SBUF = b;  // Ghi du lieu 0x01 ra
   7   1        while(TI==0); // doi flag TI = 1
   8   1        TI = 0;
   9   1        
  10   1        P3_2 = 0;     //Xuat dl lieu 74hc595 ( st_cp = 0 roi bang 1)
  11   1        P3_2 = 1;
  12   1      }
  13          
  14          void main()
  15          {
  16   1          SM0 = SM1 = 0;  // CHON MODE 0;
  17   1        
  18   1          while(1)
  19   1          {
  20   2            UART_Mode0_Write(0x00);  
  21   2            Delay_ms(1000);
  22   2            UART_Mode0_Write(0xff);  
  23   2            Delay_ms(1000);
  24   2          }
  25   1      }


MODULE INFORMATION:   STATIC OVERLAYABLE
   CODE SIZE        =     42    ----
   CONSTANT SIZE    =   ----    ----
   XDATA SIZE       =   ----    ----
   PDATA SIZE       =   ----    ----
   DATA SIZE        =   ----    ----
   IDATA SIZE       =   ----    ----
   BIT SIZE         =   ----    ----
END OF MODULE INFORMATION.


C51 COMPILATION COMPLETE.  0 WARNING(S),  0 ERROR(S)
