C51 COMPILER V9.01   MAIN                                                                  03/28/2020 14:23:38 PAGE 1   


C51 COMPILER V9.01, COMPILATION OF MODULE MAIN
OBJECT MODULE PLACED IN main.OBJ
COMPILER INVOKED BY: C:\Keil\C51\BIN\C51.EXE main.c BROWSE DEBUG OBJECTEXTEND TABS(2)

line level    source

   1          #include "main.h"
   2          #include "../my_lib/Delay.h"
   3          #include "../my_lib/UartMode1.h"
   4          
   5          
   6          void main()
   7          {
   8   1          char i;
   9   1          Uart_Init();
  10   1          P1_3 = 0;
  11   1          while(1)
  12   1          {
  13   2            //vdk1
  14   2      //      if(P1_0 == 0)
  15   2      //      {
  16   2      //        Delay_ms(20);
  17   2      //        Uart_Write(0x01);
  18   2      //        while(P1_0==0);
  19   2      //      }
  20   2      //      if(P1_7 == 0)
  21   2      //      {
  22   2      //        Delay_ms(20);
  23   2      //        Uart_Write(0x00);
  24   2      //        while(P1_7 == 0);
  25   2      //      }
  26   2      
  27   2            //VDK2
  28   2            if(Uart_Data_Ready()){
  29   3              if(Uart_Read() == 0x00) P1_3 = 0;
  30   3              if(Uart_Read() == 0x01) P1_3 = 1;
  31   3            }   
  32   2          }
  33   1      }
*** WARNING C280 IN LINE 8 OF MAIN.C: 'i': unreferenced local variable


MODULE INFORMATION:   STATIC OVERLAYABLE
   CODE SIZE        =     29    ----
   CONSTANT SIZE    =   ----    ----
   XDATA SIZE       =   ----    ----
   PDATA SIZE       =   ----    ----
   DATA SIZE        =   ----       1
   IDATA SIZE       =   ----    ----
   BIT SIZE         =   ----    ----
END OF MODULE INFORMATION.


C51 COMPILATION COMPLETE.  1 WARNING(S),  0 ERROR(S)
