C51 COMPILER V9.01   MAIN                                                                  03/18/2020 22:13:07 PAGE 1   


C51 COMPILER V9.01, COMPILATION OF MODULE MAIN
OBJECT MODULE PLACED IN main.OBJ
COMPILER INVOKED BY: C:\Keil\C51\BIN\C51.EXE main.c BROWSE DEBUG OBJECTEXTEND TABS(2)

line level    source

   1          #include "main.h"
   2          #include "../my_lib/delay.h"
   3          
   4          
   5          sbit SHCP = P2^0;
   6          sbit DS = P2^1;
   7          sbit STCP = P2^2;
   8          
   9          void byteToBit(unsigned char b)
  10          {
  11   1        unsigned char i;
  12   1        for (i = 0; i < 8; i++)
  13   1        {
  14   2          DS = b & (0x80>>i);
  15   2          SHCP=0;
  16   2          SHCP=1;
  17   2        }
  18   1        STCP=0;
  19   1        STCP=1;
  20   1      }
  21          
  22          
  23          void main()
  24          {
  25   1        unsigned char b = 0x55;
  26   1        while(1)
  27   1        {
  28   2         byteToBit(~b);
  29   2         delay_ms(1000);  
  30   2        }
  31   1      }


MODULE INFORMATION:   STATIC OVERLAYABLE
   CODE SIZE        =     64    ----
   CONSTANT SIZE    =   ----    ----
   XDATA SIZE       =   ----    ----
   PDATA SIZE       =   ----    ----
   DATA SIZE        =   ----       1
   IDATA SIZE       =   ----    ----
   BIT SIZE         =   ----    ----
END OF MODULE INFORMATION.


C51 COMPILATION COMPLETE.  0 WARNING(S),  0 ERROR(S)
