C51 COMPILER V9.01   MAIN                                                                  03/27/2020 08:15:04 PAGE 1   


C51 COMPILER V9.01, COMPILATION OF MODULE MAIN
OBJECT MODULE PLACED IN main.OBJ
COMPILER INVOKED BY: C:\Keil\C51\BIN\C51.EXE main.c BROWSE DEBUG OBJECTEXTEND TABS(2)

line level    source

   1          #include "main.h"
   2          #include "../my_lib/Delay.h"
   3          #include "port.h"
   4          
   5          
   6          void main()
   7          {
   8   1      
   9   1          IT1 = 1;
  10   1          EX1 = 1;
  11   1          EA = 1;
  12   1          LED1 = LED2 = LED3 = LED4 = 0;
  13   1          while(1)
  14   1          {
  15   2              PCON |= 0X01;
  16   2          }
  17   1      }
  18          void EX1_ISR(void) interrupt 2
  19          {
  20   1        Delay_ms(20);
  21   1        if(!BTN1)
  22   1        {
  23   2          LED1 = !LED1;
  24   2          while(!BTN1);
  25   2        }
  26   1        if(!BTN2)
  27   1        {
  28   2          LED2 = !LED2;
  29   2          while(!BTN2);
  30   2        }
  31   1        if(!BTN3)
  32   1        {
  33   2          LED3 = !LED3;
  34   2          while(!BTN3);
  35   2        }
  36   1        if(!BTN4)
  37   1        {
  38   2          LED4 = !LED4;
  39   2          while(!BTN4);
  40   2        }
  41   1      
  42   1        
  43   1      }


MODULE INFORMATION:   STATIC OVERLAYABLE
   CODE SIZE        =    114    ----
   CONSTANT SIZE    =   ----    ----
   XDATA SIZE       =   ----    ----
   PDATA SIZE       =   ----    ----
   DATA SIZE        =   ----    ----
   IDATA SIZE       =   ----    ----
   BIT SIZE         =   ----    ----
END OF MODULE INFORMATION.


C51 COMPILATION COMPLETE.  0 WARNING(S),  0 ERROR(S)
