C51 COMPILER V9.01   MAIN                                                                  03/27/2020 08:37:19 PAGE 1   


C51 COMPILER V9.01, COMPILATION OF MODULE MAIN
OBJECT MODULE PLACED IN main.OBJ
COMPILER INVOKED BY: C:\Keil\C51\BIN\C51.EXE main.c BROWSE DEBUG OBJECTEXTEND TABS(2)

line level    source

   1          #include "main.h"
   2          
   3          unsigned char Led7Seg[] = {0xC0, 0xF9, 0xA4, 0xB0, 0x99, 0x92, 0x82, 0xF8, 0x80, 0x90};
   4          unsigned char i;
   5          void main()
   6          {
   7   1          IT0 = EX0 = 1;
   8   1          IT1 = EX1 = 1;
   9   1          EA = 1;
  10   1          
  11   1          while(1)
  12   1          {
  13   2            P0 = Led7Seg[i];  
  14   2          }
  15   1      }
  16          
  17          
  18          void ISR_EX0(void)interrupt 0
  19          {
  20   1        i++;
  21   1        if(i>9) i = 0;
  22   1      }
  23          
  24          void ISR_EX1(void) interrupt 2
  25          {
  26   1        i--;
  27   1        if(i<0) i = 9;
  28   1      }


MODULE INFORMATION:   STATIC OVERLAYABLE
   CODE SIZE        =     62    ----
   CONSTANT SIZE    =   ----    ----
   XDATA SIZE       =   ----    ----
   PDATA SIZE       =   ----    ----
   DATA SIZE        =     11    ----
   IDATA SIZE       =   ----    ----
   BIT SIZE         =   ----    ----
END OF MODULE INFORMATION.


C51 COMPILATION COMPLETE.  0 WARNING(S),  0 ERROR(S)
