C51 COMPILER V9.01   MAIN                                                                  04/07/2020 08:56:46 PAGE 1   


C51 COMPILER V9.01, COMPILATION OF MODULE MAIN
OBJECT MODULE PLACED IN main.OBJ
COMPILER INVOKED BY: C:\Keil\C51\BIN\C51.EXE main.c BROWSE DEBUG OBJECTEXTEND TABS(2)

line level    source

   1          #include "main.h"
   2          
   3          void DelayTimer2_1s( )
   4          {
   5   1        // thach anh 12mhz
   6   1        unsigned char i;
   7   1        TR2 = 1;
   8   1        for(i=0;i<20;i++)
   9   1        {
  10   2          while (!TF2);
  11   2          TF2 = 0;
  12   2        }
  13   1        TR2 = 0;
  14   1      }
  15          
  16          void main()
  17          {
  18   1        // Timer2 che do tu dong nap lai, 16bit
  19   1        T2CON = 0x00;
  20   1        T2MOD = 0x00;
  21   1        
  22   1        RCAP2H = 0x3c;
  23   1        RCAP2L = 0xb0;
  24   1      
  25   1        TH2 = 0x3c;
  26   1        TL2 = 0xb0;
  27   1        while(1)
  28   1        {
  29   2          P2 = ~P2;
  30   2          DelayTimer2_1s();
  31   2        }
  32   1      }


MODULE INFORMATION:   STATIC OVERLAYABLE
   CODE SIZE        =     41    ----
   CONSTANT SIZE    =   ----    ----
   XDATA SIZE       =   ----    ----
   PDATA SIZE       =   ----    ----
   DATA SIZE        =   ----    ----
   IDATA SIZE       =   ----    ----
   BIT SIZE         =   ----    ----
END OF MODULE INFORMATION.


C51 COMPILATION COMPLETE.  0 WARNING(S),  0 ERROR(S)
