C51 COMPILER V9.01   MAIN                                                                  03/19/2020 17:01:13 PAGE 1   


C51 COMPILER V9.01, COMPILATION OF MODULE MAIN
OBJECT MODULE PLACED IN main.OBJ
COMPILER INVOKED BY: C:\Keil\C51\BIN\C51.EXE main.c BROWSE DEBUG OBJECTEXTEND TABS(2)

line level    source

   1          #include "main.h"
   2          #include "../my_lib/delay.h"
   3          #include "../my_lib/IE74595.h"
   4          
   5          unsigned char code Code7Seg[] = {0xC0, 0xF9, 0xA4, 0xB0, 0x99, 0x92, 0x82, 0xF8, 0x80, 0x90};
   6          
   7          void main()
   8          {
   9   1          
  10   1          unsigned char i;
  11   1          unsigned char arr[2];
  12   1          while(1)
  13   1          {
  14   2            for(i=0;i<=99;i++)
  15   2            {
  16   3                arr[0] = Code7Seg[i/10];
  17   3                arr[1] = Code7Seg[i%10];
  18   3                IE74595_Our(arr,2);
  19   3                delay_ms(500);
  20   3            }
  21   2              
  22   2          }
  23   1      }


MODULE INFORMATION:   STATIC OVERLAYABLE
   CODE SIZE        =     55    ----
   CONSTANT SIZE    =     10    ----
   XDATA SIZE       =   ----    ----
   PDATA SIZE       =   ----    ----
   DATA SIZE        =   ----       3
   IDATA SIZE       =   ----    ----
   BIT SIZE         =   ----    ----
END OF MODULE INFORMATION.


C51 COMPILATION COMPLETE.  0 WARNING(S),  0 ERROR(S)
