C51 COMPILER V9.01   MAIN                                                                  03/18/2020 10:22:08 PAGE 1   


C51 COMPILER V9.01, COMPILATION OF MODULE MAIN
OBJECT MODULE PLACED IN main.OBJ
COMPILER INVOKED BY: C:\Keil\C51\BIN\C51.EXE main.c BROWSE DEBUG OBJECTEXTEND

line level    source

   1          #include "main.h"
   2          #include "../my_lib/delay.h"
   3          
   4          void traiSangPhai();
   5          void phaiSangTrai();
   6          
   7          void main()
   8          {
   9   1          while(1)
  10   1          {  
  11   2              traiSangPhai();
  12   2                      delay_ms(100);
  13   2                      phaiSangTrai();
  14   2          }
  15   1      }
  16          
  17          void traiSangPhai()
  18          {
  19   1          unsigned char i;
  20   1          P2 = 0x00;
  21   1      
  22   1          for( i =0;i<8;i++)
  23   1          {
  24   2              P2 = (P2<<1)|1;
  25   2              delay_ms(300);
  26   2          }
  27   1          for( i =0;i<8;i++)
  28   1          {
  29   2              P2 = P2 <<1;
  30   2              delay_ms(300);
  31   2          }
  32   1      }
  33          
  34          void phaiSangTrai()
  35          {
  36   1          unsigned char i;
  37   1              
  38   1          P2 = 0x80;
  39   1      
  40   1          for( i =0;i<8;i++)
  41   1          {
  42   2              delay_ms(300);
  43   2              P2 = (P2>>1)|0x80;
  44   2              
  45   2          }
  46   1          for( i =0;i<8;i++)
  47   1          {
  48   2              P2 = P2 >>1;
  49   2              delay_ms(300);
  50   2          }
  51   1      }


MODULE INFORMATION:   STATIC OVERLAYABLE
   CODE SIZE        =    126    ----
C51 COMPILER V9.01   MAIN                                                                  03/18/2020 10:22:08 PAGE 2   

   CONSTANT SIZE    =   ----    ----
   XDATA SIZE       =   ----    ----
   PDATA SIZE       =   ----    ----
   DATA SIZE        =   ----       2
   IDATA SIZE       =   ----    ----
   BIT SIZE         =   ----    ----
END OF MODULE INFORMATION.


C51 COMPILATION COMPLETE.  0 WARNING(S),  0 ERROR(S)
